[1101/144227.065:ERROR:directory_reader_win.cc(43)] FindFirstFile: The system cannot find the path specified. (0x3)
[1102/094836.813:ERROR:directory_reader_win.cc(43)] FindFirstFile: The system cannot find the path specified. (0x3)
[1102/100500.278:ERROR:directory_reader_win.cc(43)] FindFirstFile: The system cannot find the path specified. (0x3)
[1102/132117.045:ERROR:directory_reader_win.cc(43)] FindFirstFile: The system cannot find the path specified. (0x3)
[1102/140809.259:ERROR:directory_reader_win.cc(43)] FindFirstFile: The system cannot find the path specified. (0x3)
[1110/102239.143:ERROR:directory_reader_win.cc(43)] FindFirstFile: The system cannot find the path specified. (0x3)
[1110/121822.434:ERROR:process_reader_win.cc(123)] NtOpenThread: {Access Denied} A process has requested access to an object, but has not been granted those access rights. (0xc0000022)
[1110/121822.434:ERROR:process_reader_win.cc(123)] NtOpenThread: {Access Denied} A process has requested access to an object, but has not been granted those access rights. (0xc0000022)
[1110/121822.466:ERROR:exception_snapshot_win.cc(99)] thread ID 2136 not found in process
[1110/121822.466:ERROR:exception_snapshot_win.cc(99)] thread ID 5796 not found in process
[1117/141850.644:ERROR:directory_reader_win.cc(43)] FindFirstFile: The system cannot find the path specified. (0x3)
[1117/171923.266:ERROR:process_info.cc(329)] VirtualQueryEx: Access is denied. (0x5)
[1117/171923.266:ERROR:process_info.cc(556)] ReadMemoryInfo failed
[1117/171923.282:ERROR:process_memory_win.cc(39)] Failed to initialize ProcessInfo.
[1117/171923.282:ERROR:scoped_process_suspend.cc(40)] NtResumeProcess: An attempt was made to access an exiting process. (0xc000010a)
[1126/194037.300:ERROR:directory_reader_win.cc(43)] FindFirstFile: The system cannot find the path specified. (0x3)
[1128/102942.110:ERROR:directory_reader_win.cc(43)] FindFirstFile: The system cannot find the path specified. (0x3)
[1128/190642.741:ERROR:directory_reader_win.cc(43)] FindFirstFile: The system cannot find the path specified. (0x3)
[1129/014832.037:ERROR:directory_reader_win.cc(43)] FindFirstFile: The system cannot find the path specified. (0x3)[1129/152858.548:ERROR:directory_reader_win.cc(43)] FindFirstFile: The system cannot find the path specified. (0x3)
[1129/162551.952:ERROR:directory_reader_win.cc(43)] FindFirstFile: The system cannot find the path specified. (0x3)
